<?xml version="1.0" encoding="UTF-8"?>
<!-- Generated by org.testng.reporters.JUnitXMLReporter -->
<testsuite ignored="0" hostname="DESKTOP-ESENG68" failures="0" tests="4" name="Edge" time="103.519" errors="0" timestamp="2022-05-29T17:06:08 IST">
  <testcase classname="SauseDemo.TestCases.TestBaseClass" name="@BeforeMethod SetUp" time="-1.653824107411E9">
    <failure type="org.testng.TestNGException" message="
Parameter &amp;apos;browserName&amp;apos; is required by BeforeMethod on method SetUp but has not been marked @Optional or defined
in C:\Users\Dell\eclipse-workspace\SeleniumProgram\src\SauseDemo\TestCases\file2.xml">
      <![CDATA[org.testng.TestNGException: 
Parameter 'browserName' is required by BeforeMethod on method SetUp but has not been marked @Optional or defined
in C:\Users\Dell\eclipse-workspace\SeleniumProgram\src\SauseDemo\TestCases\file2.xml
at java.base/java.util.ArrayList.forEach(ArrayList.java:1511)
... Removed 28 stack frames]]>
    </failure>
  </testcase> <!-- @BeforeMethod SetUp -->
  <testcase classname="SauseDemo.TestCases.TestBaseClass" name="@AfterMethod teardown" time="-1.653824107445E9">
    <skipped/>
  </testcase> <!-- @AfterMethod teardown -->
  <testcase classname="SauseDemo.TestCases.TestBaseClass" name="@BeforeMethod SetUp" time="-1.653824107464E9">
    <skipped/>
  </testcase> <!-- @BeforeMethod SetUp -->
  <testcase classname="SauseDemo.TestCases.TestBaseClass" name="@AfterMethod teardown" time="-1.653824107478E9">
    <skipped/>
  </testcase> <!-- @AfterMethod teardown -->
  <testcase classname="SauseDemo.TestCases.TC05LogOut" name="loginFuction" time="43.111"/>
  <testcase classname="SauseDemo.TestCases.TC02SelectProduct" name="selectproduct" time="0.0">
    <skipped/>
  </testcase> <!-- selectproduct -->
  <testcase classname="SauseDemo.TestCases.TC02SelectProduct" name="selectproduct1" time="0.0">
    <skipped/>
  </testcase> <!-- selectproduct1 -->
  <testcase classname="SauseDemo.TestCases.TC06ProductBuy" name="productadd" time="60.213"/>
</testsuite> <!-- Edge -->
