<?xml version="1.0" encoding="UTF-8"?>
<!-- Generated by org.testng.reporters.JUnitXMLReporter -->
<testsuite ignored="0" hostname="DESKTOP-ESENG68" failures="0" tests="3" name="FireFox" time="0.159" errors="0" timestamp="2022-05-30T17:30:22 IST">
  <testcase classname="SauseDemo.TestCases.TestBaseClass" name="@BeforeMethod SetUp" time="-1.653912022024E9">
    <failure type="org.testng.TestNGException" message="
Parameter &amp;apos;browserName&amp;apos; is required by BeforeMethod on method SetUp but has not been marked @Optional or defined
in C:\Users\Dell\eclipse-workspace\SeleniumProgram\src\SauseDemo\TestCases\file1.xml">
      <![CDATA[org.testng.TestNGException: 
Parameter 'browserName' is required by BeforeMethod on method SetUp but has not been marked @Optional or defined
in C:\Users\Dell\eclipse-workspace\SeleniumProgram\src\SauseDemo\TestCases\file1.xml
at java.base/java.util.ArrayList.forEach(ArrayList.java:1511)
... Removed 28 stack frames]]>
    </failure>
  </testcase> <!-- @BeforeMethod SetUp -->
  <testcase classname="SauseDemo.TestCases.TestBaseClass" name="@AfterMethod teardown" time="-1.653912022057E9">
    <skipped/>
  </testcase> <!-- @AfterMethod teardown -->
  <testcase classname="SauseDemo.TestCases.TestBaseClass" name="@BeforeMethod SetUp" time="-1.653912022065E9">
    <failure type="org.testng.TestNGException" message="
Parameter &amp;apos;browserName&amp;apos; is required by BeforeMethod on method SetUp but has not been marked @Optional or defined
in C:\Users\Dell\eclipse-workspace\SeleniumProgram\src\SauseDemo\TestCases\file1.xml">
      <![CDATA[org.testng.TestNGException: 
Parameter 'browserName' is required by BeforeMethod on method SetUp but has not been marked @Optional or defined
in C:\Users\Dell\eclipse-workspace\SeleniumProgram\src\SauseDemo\TestCases\file1.xml
at java.base/java.util.ArrayList.forEach(ArrayList.java:1511)
... Removed 28 stack frames]]>
    </failure>
  </testcase> <!-- @BeforeMethod SetUp -->
  <testcase classname="SauseDemo.TestCases.TestBaseClass" name="@AfterMethod teardown" time="-1.653912022075E9">
    <skipped/>
  </testcase> <!-- @AfterMethod teardown -->
  <testcase classname="SauseDemo.TestCases.TestBaseClass" name="@BeforeMethod SetUp" time="-1.653912022078E9">
    <failure type="org.testng.TestNGException" message="
Parameter &amp;apos;browserName&amp;apos; is required by BeforeMethod on method SetUp but has not been marked @Optional or defined
in C:\Users\Dell\eclipse-workspace\SeleniumProgram\src\SauseDemo\TestCases\file1.xml">
      <![CDATA[org.testng.TestNGException: 
Parameter 'browserName' is required by BeforeMethod on method SetUp but has not been marked @Optional or defined
in C:\Users\Dell\eclipse-workspace\SeleniumProgram\src\SauseDemo\TestCases\file1.xml
at java.base/java.util.ArrayList.forEach(ArrayList.java:1511)
... Removed 28 stack frames]]>
    </failure>
  </testcase> <!-- @BeforeMethod SetUp -->
  <testcase classname="SauseDemo.TestCases.TestBaseClass" name="@AfterMethod teardown" time="-1.653912022087E9">
    <skipped/>
  </testcase> <!-- @AfterMethod teardown -->
  <testcase classname="SauseDemo.TestCases.TC03ProductAdd" name="productadd" time="0.0">
    <skipped/>
  </testcase> <!-- productadd -->
  <testcase classname="SauseDemo.TestCases.TC01LoginFunctionality" name="loginfunctionalityTest" time="0.0">
    <skipped/>
  </testcase> <!-- loginfunctionalityTest -->
  <testcase classname="SauseDemo.TestCases.TC04AddAllProduct" name="loginFuction" time="0.0">
    <skipped/>
  </testcase> <!-- loginFuction -->
</testsuite> <!-- FireFox -->
